
2022/09/14 (02:40:36) | ===> btop++ v.1.2.9
2022/09/14 (02:40:36) | ERROR: Invalid RGB decimal value: "ba1a84"
2022/09/14 (02:41:05) | ERROR: Invalid RGB decimal value: "ba1a84"
2022/09/14 (02:41:47) | INFO: Logger set to INFO
2022/09/14 (02:41:48) | INFO: Logger set to DEBUG
2022/09/14 (02:41:49) | INFO: Logger set to INFO
2022/09/14 (03:12:25) | WARNING: Failed to join _runner thread on exit!

2022/09/14 (03:14:57) | ===> btop++ v.1.2.9
2022/09/14 (03:14:57) | WARNING: Failed to join _runner thread on exit!

2022/09/14 (17:33:40) | ===> btop++ v.1.2.9
2022/09/14 (17:33:40) | WARNING: Failed to join _runner thread on exit!

2022/09/14 (17:36:38) | ===> btop++ v.1.2.9
2022/09/14 (17:36:38) | WARNING: Failed to join _runner thread on exit!

2022/09/14 (17:42:46) | ===> btop++ v.1.2.9
2022/09/14 (17:42:46) | WARNING: Failed to join _runner thread on exit!

2022/09/14 (17:45:42) | ===> btop++ v.1.2.9
2022/09/14 (17:45:42) | WARNING: Failed to join _runner thread on exit!

2022/09/15 (02:45:09) | ===> btop++ v.1.2.9
2022/09/15 (02:45:09) | WARNING: Failed to join _runner thread on exit!

2022/09/15 (02:51:14) | ===> btop++ v.1.2.9
2022/09/15 (02:51:14) | WARNING: Failed to join _runner thread on exit!

2022/09/15 (02:51:17) | ===> btop++ v.1.2.9
2022/09/15 (02:51:17) | WARNING: Failed to join _runner thread on exit!

2022/09/15 (02:58:58) | ===> btop++ v.1.2.9
2022/09/15 (02:58:58) | WARNING: Failed to join _runner thread on exit!

2022/09/17 (16:24:46) | ===> btop++ v.1.2.9
2022/09/17 (16:24:46) | WARNING: Failed to join _runner thread on exit!

2022/09/17 (17:01:48) | ===> btop++ v.1.2.9
2022/09/17 (17:01:48) | WARNING: Failed to join _runner thread on exit!

2022/10/10 (21:22:56) | ===> btop++ v.1.2.9
2022/10/10 (21:22:56) | WARNING: Failed to join _runner thread on exit!

2022/10/12 (02:08:36) | ===> btop++ v.1.2.9
2022/10/12 (02:08:36) | INFO: Logger set to INFO
2022/10/12 (02:08:38) | INFO: Logger set to INFO
2022/10/12 (02:08:38) | INFO: Logger set to DEBUG
2022/10/12 (02:08:39) | INFO: Logger set to INFO
2022/10/12 (02:09:17) | WARNING: Failed to join _runner thread on exit!

2022/10/13 (23:35:19) | ===> btop++ v.1.2.9
2022/10/13 (23:35:19) | WARNING: Failed to join _runner thread on exit!

2022/10/14 (20:22:52) | ===> btop++ v.1.2.9
2022/10/14 (20:22:52) | WARNING: Failed to join _runner thread on exit!

2022/10/14 (20:23:11) | ===> btop++ v.1.2.9
2022/10/14 (20:23:11) | WARNING: Failed to join _runner thread on exit!

2022/10/14 (20:26:45) | ===> btop++ v.1.2.9
2022/10/14 (20:26:45) | WARNING: Failed to join _runner thread on exit!

2022/10/17 (20:52:36) | ===> btop++ v.1.2.9
2022/10/17 (20:52:36) | WARNING: Failed to join _runner thread on exit!

2022/10/17 (22:39:59) | ===> btop++ v.1.2.9
2022/10/17 (22:39:59) | WARNING: Failed to join _runner thread on exit!

2022/10/19 (02:39:01) | ===> btop++ v.1.2.9
2022/10/19 (02:39:01) | WARNING: Failed to join _runner thread on exit!

2022/10/19 (02:46:28) | ===> btop++ v.1.2.9
2022/10/19 (02:46:28) | WARNING: Failed to join _runner thread on exit!

2022/10/21 (18:57:28) | ===> btop++ v.1.2.9
2022/10/21 (18:57:28) | WARNING: Failed to join _runner thread on exit!

2022/10/22 (16:02:07) | ===> btop++ v.1.2.9
2022/10/22 (16:02:07) | WARNING: Failed to join _runner thread on exit!

2022/10/23 (22:43:14) | ===> btop++ v.1.2.9
2022/10/23 (22:43:14) | WARNING: Failed to join _runner thread on exit!

2022/10/24 (14:18:07) | ===> btop++ v.1.2.9
2022/10/24 (14:18:07) | WARNING: Failed to join _runner thread on exit!

2022/10/24 (18:31:39) | ===> btop++ v.1.2.9
2022/10/24 (18:31:39) | WARNING: Failed to join _runner thread on exit!

2022/10/25 (23:06:48) | ===> btop++ v.1.2.9
2022/10/25 (23:06:48) | WARNING: Failed to join _runner thread on exit!

2022/10/25 (23:06:58) | ===> btop++ v.1.2.9
2022/10/25 (23:06:58) | ERROR: Invalid RGB decimal value: "ba1a84"
2022/10/25 (23:07:55) | WARNING: Failed to join _runner thread on exit!

2022/10/26 (16:27:52) | ===> btop++ v.1.2.9
2022/10/26 (16:27:52) | WARNING: Failed to join _runner thread on exit!

2022/10/27 (03:45:47) | ===> btop++ v.1.2.9
2022/10/27 (03:45:47) | WARNING: Failed to join _runner thread on exit!

2022/10/28 (03:04:52) | ===> btop++ v.1.2.9
2022/10/28 (03:04:52) | WARNING: Failed to join _runner thread on exit!

2022/10/30 (22:46:07) | ===> btop++ v.1.2.9
2022/10/30 (22:46:07) | WARNING: Failed to join _runner thread on exit!

2022/11/04 (15:32:48) | ===> btop++ v.1.2.9
2022/11/04 (15:32:48) | WARNING: Failed to join _runner thread on exit!

2022/11/07 (17:33:08) | ===> btop++ v.1.2.9
2022/11/07 (17:33:08) | WARNING: Failed to join _runner thread on exit!

2022/11/08 (03:48:30) | ===> btop++ v.1.2.9
2022/11/08 (03:48:30) | WARNING: Failed to join _runner thread on exit!

2022/11/08 (11:58:52) | ===> btop++ v.1.2.9
2022/11/08 (11:58:52) | WARNING: Failed to join _runner thread on exit!

2022/11/11 (00:03:46) | ===> btop++ v.1.2.9
2022/11/11 (00:03:46) | WARNING: Failed to join _runner thread on exit!

2022/11/11 (00:52:00) | ===> btop++ v.1.2.9
2022/11/11 (00:52:00) | ERROR: Invalid RGB decimal value: "ba1a84"
2022/11/11 (01:04:08) | WARNING: Failed to join _runner thread on exit!

2022/11/15 (23:24:34) | ===> btop++ v.1.2.9
2022/11/15 (23:24:34) | WARNING: Failed to join _runner thread on exit!

2022/11/17 (19:02:47) | ===> btop++ v.1.2.9
2022/11/17 (19:02:47) | ERROR: Invalid RGB decimal value: "ba1a84"

2022/11/27 (20:02:55) | ===> btop++ v.1.2.13
2022/11/27 (20:02:55) | WARNING: Failed to join _runner thread on exit!

2022/11/27 (20:17:28) | ===> btop++ v.1.2.13
2022/11/27 (20:17:28) | WARNING: Failed to join _runner thread on exit!

2022/12/02 (01:42:06) | ===> btop++ v.1.2.13
2022/12/02 (01:42:06) | WARNING: Failed to join _runner thread on exit!

2022/12/05 (01:23:55) | ===> btop++ v.1.2.13
2022/12/05 (01:23:55) | WARNING: Failed to join _runner thread on exit!

2022/12/06 (00:34:26) | ===> btop++ v.1.2.13
2022/12/06 (00:34:26) | WARNING: Failed to join _runner thread on exit!

2022/12/09 (16:16:37) | ===> btop++ v.1.2.13
2022/12/09 (16:16:37) | WARNING: Failed to join _runner thread on exit!

2022/12/27 (17:11:27) | ===> btop++ v.1.2.13
2022/12/27 (17:11:27) | WARNING: Failed to join _runner thread on exit!

2022/12/30 (00:59:50) | ===> btop++ v.1.2.13
2022/12/30 (00:59:50) | WARNING: Failed to join _runner thread on exit!

2023/01/02 (04:03:36) | ===> btop++ v.1.2.13
2023/01/02 (04:03:36) | WARNING: Failed to join _runner thread on exit!

2023/01/23 (15:49:03) | ===> btop++ v.1.2.13
2023/01/23 (15:49:03) | ERROR: Stall in Runner thread, restarting!
